<?xml version="1.0" encoding="UTF-8"?>
<!-- Generated by org.testng.reporters.JUnitReportReporter -->
<testsuite hostname="HW1352" failures="0" tests="1" name="practisetests.UserRegistration" time="196.871" errors="1" timestamp="19 Sept 2025 13:40:04 GMT" skipped="0">
  <testcase classname="practisetests.UserRegistration" name="userRegistration" time="196.871">
    <error message="Error {
  message=&#039;Page closed
=========================== logs ===========================
waiting for locator(&quot;#password&quot;)
============================================================
  name=&#039;Error
  stack=&#039;Error: Page closed
=========================== logs ===========================
waiting for locator(&quot;#password&quot;)
============================================================
    at LongStandingScope._race (C:\Users\suneel.b\AppData\Local\Temp\playwright-java-18112565291898442405\package\lib\utils\manualPromise.js:96:51)
    at LongStandingScope.race (C:\Users\suneel.b\AppData\Local\Temp\playwright-java-18112565291898442405\package\lib\utils\manualPromise.js:87:17)
    at C:\Users\suneel.b\AppData\Local\Temp\playwright-java-18112565291898442405\package\lib\utils\manualPromise.js:84:43
    at Array.map (&lt;anonymous&gt;)
    at LongStandingScope.raceMultiple (C:\Users\suneel.b\AppData\Local\Temp\playwright-java-18112565291898442405\package\lib\utils\manualPromise.js:84:32)
    at Frame.retryWithProgressAndTimeouts (C:\Users\suneel.b\AppData\Local\Temp\playwright-java-18112565291898442405\package\lib\server\frames.js:907:40)
    at async C:\Users\suneel.b\AppData\Local\Temp\playwright-java-18112565291898442405\package\lib\server\frames.js:1039:29
    at async ProgressController.run (C:\Users\suneel.b\AppData\Local\Temp\playwright-java-18112565291898442405\package\lib\server\progress.js:92:22)
    at async FrameDispatcher.fill (C:\Users\suneel.b\AppData\Local\Temp\playwright-java-18112565291898442405\package\lib\server\dispatchers\frameDispatcher.js:166:12)
    at async DispatcherConnection.dispatch (C:\Users\suneel.b\AppData\Local\Temp\playwright-java-18112565291898442405\package\lib\server\dispatchers\dispatcher.js:313:22)
}" type="com.microsoft.playwright.PlaywrightException">
      <![CDATA[com.microsoft.playwright.PlaywrightException: Error {
  message='Page closed
=========================== logs ===========================
waiting for locator("#password")
============================================================
  name='Error
  stack='Error: Page closed
=========================== logs ===========================
waiting for locator("#password")
============================================================
    at LongStandingScope._race (C:\Users\suneel.b\AppData\Local\Temp\playwright-java-18112565291898442405\package\lib\utils\manualPromise.js:96:51)
    at LongStandingScope.race (C:\Users\suneel.b\AppData\Local\Temp\playwright-java-18112565291898442405\package\lib\utils\manualPromise.js:87:17)
    at C:\Users\suneel.b\AppData\Local\Temp\playwright-java-18112565291898442405\package\lib\utils\manualPromise.js:84:43
    at Array.map (<anonymous>)
    at LongStandingScope.raceMultiple (C:\Users\suneel.b\AppData\Local\Temp\playwright-java-18112565291898442405\package\lib\utils\manualPromise.js:84:32)
    at Frame.retryWithProgressAndTimeouts (C:\Users\suneel.b\AppData\Local\Temp\playwright-java-18112565291898442405\package\lib\server\frames.js:907:40)
    at async C:\Users\suneel.b\AppData\Local\Temp\playwright-java-18112565291898442405\package\lib\server\frames.js:1039:29
    at async ProgressController.run (C:\Users\suneel.b\AppData\Local\Temp\playwright-java-18112565291898442405\package\lib\server\progress.js:92:22)
    at async FrameDispatcher.fill (C:\Users\suneel.b\AppData\Local\Temp\playwright-java-18112565291898442405\package\lib\server\dispatchers\frameDispatcher.js:166:12)
    at async DispatcherConnection.dispatch (C:\Users\suneel.b\AppData\Local\Temp\playwright-java-18112565291898442405\package\lib\server\dispatchers\dispatcher.js:313:22)
}
at com.microsoft.playwright.impl.WaitableResult.get(WaitableResult.java:54)
at com.microsoft.playwright.impl.ChannelOwner.runUntil(ChannelOwner.java:111)
at com.microsoft.playwright.impl.Connection.sendMessage(Connection.java:126)
at com.microsoft.playwright.impl.ChannelOwner.sendMessage(ChannelOwner.java:102)
at com.microsoft.playwright.impl.FrameImpl.fillImpl(FrameImpl.java:335)
at com.microsoft.playwright.impl.FrameImpl.lambda$fill$14(FrameImpl.java:325)
at com.microsoft.playwright.impl.LoggingSupport.lambda$withLogging$0(LoggingSupport.java:36)
at com.microsoft.playwright.impl.LoggingSupport.withLogging(LoggingSupport.java:47)
at com.microsoft.playwright.impl.ChannelOwner.withLogging(ChannelOwner.java:87)
at com.microsoft.playwright.impl.LoggingSupport.withLogging(LoggingSupport.java:35)
at com.microsoft.playwright.impl.FrameImpl.fill(FrameImpl.java:325)
at com.microsoft.playwright.impl.LocatorImpl.fill(LocatorImpl.java:210)
at com.microsoft.playwright.Locator.fill(Locator.java:2885)
at practisetests.UserRegistration.userRegistration(UserRegistration.java:28)
at java.base/jdk.internal.reflect.DirectMethodHandleAccessor.invoke(DirectMethodHandleAccessor.java:103)
at java.base/java.lang.reflect.Method.invoke(Method.java:580)
at org.testng.internal.MethodInvocationHelper.invokeMethod(MethodInvocationHelper.java:124)
at org.testng.internal.Invoker.invokeMethod(Invoker.java:580)
at org.testng.internal.Invoker.invokeTestMethod(Invoker.java:716)
at org.testng.internal.Invoker.invokeTestMethods(Invoker.java:988)
at org.testng.internal.TestMethodWorker.invokeTestMethods(TestMethodWorker.java:125)
at org.testng.internal.TestMethodWorker.run(TestMethodWorker.java:109)
at org.testng.TestRunner.privateRun(TestRunner.java:648)
at org.testng.TestRunner.run(TestRunner.java:505)
at org.testng.SuiteRunner.runTest(SuiteRunner.java:455)
at org.testng.SuiteRunner.runSequentially(SuiteRunner.java:450)
at org.testng.SuiteRunner.privateRun(SuiteRunner.java:415)
at org.testng.SuiteRunner.run(SuiteRunner.java:364)
at org.testng.SuiteRunnerWorker.runSuite(SuiteRunnerWorker.java:52)
at org.testng.SuiteRunnerWorker.run(SuiteRunnerWorker.java:84)
at org.testng.TestNG.runSuitesSequentially(TestNG.java:1208)
at org.testng.TestNG.runSuitesLocally(TestNG.java:1137)
at org.testng.TestNG.runSuites(TestNG.java:1049)
at org.testng.TestNG.run(TestNG.java:1017)
at org.testng.remote.AbstractRemoteTestNG.run(AbstractRemoteTestNG.java:115)
at org.testng.remote.RemoteTestNG.initAndRun(RemoteTestNG.java:293)
at org.testng.remote.RemoteTestNG.main(RemoteTestNG.java:91)
Caused by: com.microsoft.playwright.impl.DriverException: Error {
  message='Page closed
=========================== logs ===========================
waiting for locator("#password")
============================================================
  name='Error
  stack='Error: Page closed
=========================== logs ===========================
waiting for locator("#password")
============================================================
    at LongStandingScope._race (C:\Users\suneel.b\AppData\Local\Temp\playwright-java-18112565291898442405\package\lib\utils\manualPromise.js:96:51)
    at LongStandingScope.race (C:\Users\suneel.b\AppData\Local\Temp\playwright-java-18112565291898442405\package\lib\utils\manualPromise.js:87:17)
    at C:\Users\suneel.b\AppData\Local\Temp\playwright-java-18112565291898442405\package\lib\utils\manualPromise.js:84:43
    at Array.map (<anonymous>)
    at LongStandingScope.raceMultiple (C:\Users\suneel.b\AppData\Local\Temp\playwright-java-18112565291898442405\package\lib\utils\manualPromise.js:84:32)
    at Frame.retryWithProgressAndTimeouts (C:\Users\suneel.b\AppData\Local\Temp\playwright-java-18112565291898442405\package\lib\server\frames.js:907:40)
    at async C:\Users\suneel.b\AppData\Local\Temp\playwright-java-18112565291898442405\package\lib\server\frames.js:1039:29
    at async ProgressController.run (C:\Users\suneel.b\AppData\Local\Temp\playwright-java-18112565291898442405\package\lib\server\progress.js:92:22)
    at async FrameDispatcher.fill (C:\Users\suneel.b\AppData\Local\Temp\playwright-java-18112565291898442405\package\lib\server\dispatchers\frameDispatcher.js:166:12)
    at async DispatcherConnection.dispatch (C:\Users\suneel.b\AppData\Local\Temp\playwright-java-18112565291898442405\package\lib\server\dispatchers\dispatcher.js:313:22)
}
at com.microsoft.playwright.impl.Connection.dispatch(Connection.java:226)
at com.microsoft.playwright.impl.Connection.processOneMessage(Connection.java:206)
at com.microsoft.playwright.impl.ChannelOwner.runUntil(ChannelOwner.java:109)
... 35 more
]]>
    </error>
  </testcase> <!-- userRegistration -->
</testsuite> <!-- practisetests.UserRegistration -->
